0 info it worked if it ends with ok
1 verbose cli [ 'node', '/usr/bin/npm', 'update', '-g', 'cordova' ]
2 info using npm@1.3.6
3 info using node@v0.10.32
4 verbose cache add [ 'cordova', '*' ]
5 verbose cache add name="cordova" spec="*" args=["cordova","*"]
6 verbose parsed url { protocol: null,
6 verbose parsed url   slashes: null,
6 verbose parsed url   auth: null,
6 verbose parsed url   host: null,
6 verbose parsed url   port: null,
6 verbose parsed url   hostname: null,
6 verbose parsed url   hash: null,
6 verbose parsed url   search: null,
6 verbose parsed url   query: null,
6 verbose parsed url   pathname: '*',
6 verbose parsed url   path: '*',
6 verbose parsed url   href: '*' }
7 verbose addNamed [ 'cordova', '*' ]
8 verbose addNamed [ null, '*' ]
9 silly lockFile d1c74f74-cordova cordova@*
10 verbose lock cordova@* /home/gana/.npm/d1c74f74-cordova.lock
11 silly addNameRange { name: 'cordova', range: '*', hasData: false }
12 verbose url raw cordova
13 verbose url resolving [ 'https://registry.npmjs.org/', './cordova' ]
14 verbose url resolved https://registry.npmjs.org/cordova
15 info trying registry request attempt 1 at 14:35:18
16 verbose etag "9GM707EG6H5E9IPCPRUF70NFW"
17 http GET https://registry.npmjs.org/cordova
18 http 200 https://registry.npmjs.org/cordova
19 silly registry.get cb [ 200,
19 silly registry.get   { date: 'Wed, 01 Oct 2014 18:35:18 GMT',
19 silly registry.get     server: 'CouchDB/1.5.0 (Erlang OTP/R16B03)',
19 silly registry.get     etag: '"5JKQZ6GGJLOOKPDG1BF0AZLA8"',
19 silly registry.get     'content-type': 'application/json',
19 silly registry.get     'cache-control': 'max-age=60',
19 silly registry.get     'content-length': '314821',
19 silly registry.get     'accept-ranges': 'bytes',
19 silly registry.get     via: '1.1 varnish',
19 silly registry.get     age: '1935',
19 silly registry.get     'x-served-by': 'cache-jfk1020-JFK',
19 silly registry.get     'x-cache': 'HIT',
19 silly registry.get     'x-cache-hits': '2',
19 silly registry.get     'x-timer': 'S1412188518.859208,VS0,VE0',
19 silly registry.get     vary: 'Accept',
19 silly registry.get     'keep-alive': 'timeout=10, max=50',
19 silly registry.get     connection: 'Keep-Alive' } ]
20 silly addNameRange number 2 { name: 'cordova', range: '*', hasData: true }
21 silly addNameRange versions [ 'cordova',
21 silly addNameRange   [ '0.0.1',
21 silly addNameRange     '0.0.2',
21 silly addNameRange     '0.0.3',
21 silly addNameRange     '0.0.4',
21 silly addNameRange     '0.0.5',
21 silly addNameRange     '0.0.6',
21 silly addNameRange     '0.0.7',
21 silly addNameRange     '0.0.8',
21 silly addNameRange     '0.0.9',
21 silly addNameRange     '0.1.0',
21 silly addNameRange     '0.1.1',
21 silly addNameRange     '0.1.2',
21 silly addNameRange     '0.1.3',
21 silly addNameRange     '0.1.4',
21 silly addNameRange     '0.1.5',
21 silly addNameRange     '0.1.6',
21 silly addNameRange     '0.1.7',
21 silly addNameRange     '0.1.8',
21 silly addNameRange     '0.1.9',
21 silly addNameRange     '0.1.10',
21 silly addNameRange     '0.1.11',
21 silly addNameRange     '0.1.12',
21 silly addNameRange     '0.1.13',
21 silly addNameRange     '0.1.14',
21 silly addNameRange     '2.2.0',
21 silly addNameRange     '2.3.0',
21 silly addNameRange     '2.3.1',
21 silly addNameRange     '2.3.2',
21 silly addNameRange     '2.3.3',
21 silly addNameRange     '2.3.5',
21 silly addNameRange     '2.3.6',
21 silly addNameRange     '2.4.0',
21 silly addNameRange     '2.4.1',
21 silly addNameRange     '2.4.2',
21 silly addNameRange     '2.4.3',
21 silly addNameRange     '2.4.4',
21 silly addNameRange     '2.4.5',
21 silly addNameRange     '2.4.6',
21 silly addNameRange     '2.4.7',
21 silly addNameRange     '2.4.8',
21 silly addNameRange     '2.4.9',
21 silly addNameRange     '2.4.10',
21 silly addNameRange     '2.5.0',
21 silly addNameRange     '2.5.2',
21 silly addNameRange     '2.5.3',
21 silly addNameRange     '2.5.4',
21 silly addNameRange     '2.5.5',
21 silly addNameRange     '2.6.0',
21 silly addNameRange     '2.6.1',
21 silly addNameRange     '2.6.2',
21 silly addNameRange     '2.7.0-rc.1',
21 silly addNameRange     '2.7.1-rc.1',
21 silly addNameRange     '2.7.2',
21 silly addNameRange     '2.7.3',
21 silly addNameRange     '2.7.4',
21 silly addNameRange     '2.8.0',
21 silly addNameRange     '2.8.1',
21 silly addNameRange     '2.8.2',
21 silly addNameRange     '2.8.3',
21 silly addNameRange     '2.8.4',
21 silly addNameRange     '2.8.5',
21 silly addNameRange     '2.8.6',
21 silly addNameRange     '2.8.7',
21 silly addNameRange     '2.8.8',
21 silly addNameRange     '2.8.9',
21 silly addNameRange     '2.8.10',
21 silly addNameRange     '2.8.11',
21 silly addNameRange     '2.8.12',
21 silly addNameRange     '2.8.13',
21 silly addNameRange     '2.8.14',
21 silly addNameRange     '2.8.15',
21 silly addNameRange     '2.8.16',
21 silly addNameRange     '2.8.17',
21 silly addNameRange     '2.8.18',
21 silly addNameRange     '2.8.19',
21 silly addNameRange     '2.8.20',
21 silly addNameRange     '2.8.21',
21 silly addNameRange     '2.8.22',
21 silly addNameRange     '2.8.23',
21 silly addNameRange     '2.8.24',
21 silly addNameRange     '2.8.25',
21 silly addNameRange     '2.9.0',
21 silly addNameRange     '2.9.1',
21 silly addNameRange     '2.9.2',
21 silly addNameRange     '2.9.3',
21 silly addNameRange     '2.9.4',
21 silly addNameRange     '2.9.5',
21 silly addNameRange     '2.9.6',
21 silly addNameRange     '2.9.7',
21 silly addNameRange     '3.0.0-rc1',
21 silly addNameRange     '3.0.0-rc1-1',
21 silly addNameRange     '3.0.0-rc1-3',
21 silly addNameRange     '3.0.0',
21 silly addNameRange     '3.0.1',
21 silly addNameRange     '3.0.2',
21 silly addNameRange     '3.0.3',
21 silly addNameRange     '3.0.4',
21 silly addNameRange     '3.0.5',
21 silly addNameRange     '3.0.6',
21 silly addNameRange     '3.0.7',
21 silly addNameRange     '3.0.8',
21 silly addNameRange     '3.0.9',
21 silly addNameRange     '3.0.10',
21 silly addNameRange     '3.1.0-0.1.0',
21 silly addNameRange     '3.1.0-0.2.0',
21 silly addNameRange     '3.2.0-rc.1',
21 silly addNameRange     '3.2.0-0.1.0',
21 silly addNameRange     '3.2.0-0.2.0',
21 silly addNameRange     '3.2.0-0.3.0',
21 silly addNameRange     '3.2.0-0.4.0',
21 silly addNameRange     '3.3.0-rc.1',
21 silly addNameRange     '3.3.0-0.1.1',
21 silly addNameRange     '3.3.1-0.1.2',
21 silly addNameRange     '2.9.0-rc1',
21 silly addNameRange     '3.3.1-0.3.0',
21 silly addNameRange     '3.3.1-0.3.1',
21 silly addNameRange     '3.3.1-0.4.1',
21 silly addNameRange     '3.3.1-0.4.2',
21 silly addNameRange     '3.4.0-0.1.0',
21 silly addNameRange     '3.4.0-0.1.1',
21 silly addNameRange     '3.4.0-0.1.2',
21 silly addNameRange     '3.4.0-0.1.3',
21 silly addNameRange     '0.0.0-fake',
21 silly addNameRange     '3.4.1-0.1.0',
21 silly addNameRange     '3.5.0-0.2.0',
21 silly addNameRange     '3.5.0-0.2.1',
21 silly addNameRange     '3.5.0-0.2.2',
21 silly addNameRange     '3.5.0-0.2.3',
21 silly addNameRange     '3.5.0-0.2.4',
21 silly addNameRange     '3.5.0-0.2.6',
21 silly addNameRange     '3.5.0-0.2.7',
21 silly addNameRange     '3.6.0-0.2.8',
21 silly addNameRange     '3.6.0-0.2.9',
21 silly addNameRange     '3.6.1-0.2.10',
21 silly addNameRange     '3.6.3-0.2.11',
21 silly addNameRange     '3.6.3-0.2.12',
21 silly addNameRange     '3.6.3-0.2.13' ] ]
22 verbose addNamed [ 'cordova', '3.6.3-0.2.13' ]
23 verbose addNamed [ '3.6.3-0.2.13', '3.6.3-0.2.13' ]
24 silly lockFile b9573d16-cordova-3-6-3-0-2-13 cordova@3.6.3-0.2.13
25 verbose lock cordova@3.6.3-0.2.13 /home/gana/.npm/b9573d16-cordova-3-6-3-0-2-13.lock
26 silly lockFile 9a53b55c-cordova-cordova-3-6-3-0-2-13-tgz https://registry.npmjs.org/cordova/-/cordova-3.6.3-0.2.13.tgz
27 verbose lock https://registry.npmjs.org/cordova/-/cordova-3.6.3-0.2.13.tgz /home/gana/.npm/9a53b55c-cordova-cordova-3-6-3-0-2-13-tgz.lock
28 verbose addRemoteTarball [ 'https://registry.npmjs.org/cordova/-/cordova-3.6.3-0.2.13.tgz',
28 verbose addRemoteTarball   '5c492b872e64f1444161b9d615ea9f0e239dd4fc' ]
29 info retry fetch attempt 1 at 14:35:19
30 verbose fetch to= /home/gana/tmp/npm-13548-gjyTSWWj/1412188519246-0.3315181939397007/tmp.tgz
31 http GET https://registry.npmjs.org/cordova/-/cordova-3.6.3-0.2.13.tgz
32 http 200 https://registry.npmjs.org/cordova/-/cordova-3.6.3-0.2.13.tgz
33 verbose tar unpack /home/gana/tmp/npm-13548-gjyTSWWj/1412188519246-0.3315181939397007/tmp.tgz
34 silly lockFile 619813d2-19246-0-3315181939397007-package tar:///home/gana/tmp/npm-13548-gjyTSWWj/1412188519246-0.3315181939397007/package
35 verbose lock tar:///home/gana/tmp/npm-13548-gjyTSWWj/1412188519246-0.3315181939397007/package /home/gana/.npm/619813d2-19246-0-3315181939397007-package.lock
36 silly lockFile 73ec5c5d-19246-0-3315181939397007-tmp-tgz tar:///home/gana/tmp/npm-13548-gjyTSWWj/1412188519246-0.3315181939397007/tmp.tgz
37 verbose lock tar:///home/gana/tmp/npm-13548-gjyTSWWj/1412188519246-0.3315181939397007/tmp.tgz /home/gana/.npm/73ec5c5d-19246-0-3315181939397007-tmp-tgz.lock
38 silly gunzTarPerm modes [ '755', '644' ]
39 silly gunzTarPerm extractEntry package.json
40 silly gunzTarPerm extractEntry .npmignore
41 silly gunzTarPerm extractEntry README.md
42 silly gunzTarPerm extractEntry LICENSE
43 silly gunzTarPerm extractEntry cordova.js
44 silly gunzTarPerm extractEntry VERSION
45 silly gunzTarPerm extractEntry NOTICE
46 silly gunzTarPerm extractEntry .reviewboardrc
47 silly gunzTarPerm extractEntry RELEASENOTES.md
48 silly gunzTarPerm extractEntry bin/cordova
49 silly gunzTarPerm extractEntry bin/cordova.cmd
50 silly gunzTarPerm extractEntry CONTRIBUTING.md
51 silly gunzTarPerm extractEntry doc/ja/bash.md
52 silly gunzTarPerm extractEntry doc/bash.md
53 silly gunzTarPerm extractEntry doc/compile.txt
54 silly gunzTarPerm extractEntry doc/cordova.txt
55 silly gunzTarPerm extractEntry doc/create.txt
56 silly gunzTarPerm extractEntry doc/de/bash.md
57 silly gunzTarPerm extractEntry doc/emulate.txt
58 silly gunzTarPerm extractEntry doc/es/bash.md
59 silly gunzTarPerm extractEntry doc/fr/bash.md
60 silly gunzTarPerm extractEntry doc/help.txt
61 silly gunzTarPerm extractEntry doc/info.txt
62 silly gunzTarPerm extractEntry doc/it/bash.md
63 silly gunzTarPerm extractEntry doc/build.txt
64 silly gunzTarPerm extractEntry doc/ko/bash.md
65 silly gunzTarPerm extractEntry doc/pl/bash.md
66 silly gunzTarPerm extractEntry doc/platform.txt
67 silly gunzTarPerm extractEntry doc/plugin.txt
68 silly gunzTarPerm extractEntry doc/prepare.txt
69 silly gunzTarPerm extractEntry doc/restore.txt
70 silly gunzTarPerm extractEntry doc/ru/bash.md
71 silly gunzTarPerm extractEntry doc/run.txt
72 silly gunzTarPerm extractEntry doc/save.txt
73 silly gunzTarPerm extractEntry doc/serve.txt
74 silly gunzTarPerm extractEntry doc/zh/bash.md
75 silly gunzTarPerm extractEntry npm-shrinkwrap.json
76 silly gunzTarPerm extractEntry scripts/cordova.completion
77 silly gunzTarPerm extractEntry src/cli.js
78 silly gunzTarPerm extractEntry src/create.js
79 silly gunzTarPerm extractEntry src/help.js
80 silly lockFile 619813d2-19246-0-3315181939397007-package tar:///home/gana/tmp/npm-13548-gjyTSWWj/1412188519246-0.3315181939397007/package
81 silly lockFile 619813d2-19246-0-3315181939397007-package tar:///home/gana/tmp/npm-13548-gjyTSWWj/1412188519246-0.3315181939397007/package
82 silly lockFile 73ec5c5d-19246-0-3315181939397007-tmp-tgz tar:///home/gana/tmp/npm-13548-gjyTSWWj/1412188519246-0.3315181939397007/tmp.tgz
83 silly lockFile 73ec5c5d-19246-0-3315181939397007-tmp-tgz tar:///home/gana/tmp/npm-13548-gjyTSWWj/1412188519246-0.3315181939397007/tmp.tgz
84 verbose tar pack [ '/home/gana/.npm/cordova/3.6.3-0.2.13/package.tgz',
84 verbose tar pack   '/home/gana/tmp/npm-13548-gjyTSWWj/1412188519246-0.3315181939397007/package' ]
85 verbose tarball /home/gana/.npm/cordova/3.6.3-0.2.13/package.tgz
86 verbose folder /home/gana/tmp/npm-13548-gjyTSWWj/1412188519246-0.3315181939397007/package
87 silly lockFile 619813d2-19246-0-3315181939397007-package tar:///home/gana/tmp/npm-13548-gjyTSWWj/1412188519246-0.3315181939397007/package
88 verbose lock tar:///home/gana/tmp/npm-13548-gjyTSWWj/1412188519246-0.3315181939397007/package /home/gana/.npm/619813d2-19246-0-3315181939397007-package.lock
89 silly lockFile d28a40d8-cordova-3-6-3-0-2-13-package-tgz tar:///home/gana/.npm/cordova/3.6.3-0.2.13/package.tgz
90 verbose lock tar:///home/gana/.npm/cordova/3.6.3-0.2.13/package.tgz /home/gana/.npm/d28a40d8-cordova-3-6-3-0-2-13-package-tgz.lock
91 silly lockFile 619813d2-19246-0-3315181939397007-package tar:///home/gana/tmp/npm-13548-gjyTSWWj/1412188519246-0.3315181939397007/package
92 silly lockFile 619813d2-19246-0-3315181939397007-package tar:///home/gana/tmp/npm-13548-gjyTSWWj/1412188519246-0.3315181939397007/package
93 silly lockFile d28a40d8-cordova-3-6-3-0-2-13-package-tgz tar:///home/gana/.npm/cordova/3.6.3-0.2.13/package.tgz
94 silly lockFile d28a40d8-cordova-3-6-3-0-2-13-package-tgz tar:///home/gana/.npm/cordova/3.6.3-0.2.13/package.tgz
95 silly lockFile 1516946d-npm-cordova-3-6-3-0-2-13-package /home/gana/.npm/cordova/3.6.3-0.2.13/package
96 verbose lock /home/gana/.npm/cordova/3.6.3-0.2.13/package /home/gana/.npm/1516946d-npm-cordova-3-6-3-0-2-13-package.lock
97 silly lockFile 1516946d-npm-cordova-3-6-3-0-2-13-package /home/gana/.npm/cordova/3.6.3-0.2.13/package
98 silly lockFile 1516946d-npm-cordova-3-6-3-0-2-13-package /home/gana/.npm/cordova/3.6.3-0.2.13/package
99 verbose tar unpack /home/gana/.npm/cordova/3.6.3-0.2.13/package.tgz
100 silly lockFile a0d48c6f-npm-cordova-3-6-3-0-2-13-package tar:///home/gana/.npm/cordova/3.6.3-0.2.13/package
101 verbose lock tar:///home/gana/.npm/cordova/3.6.3-0.2.13/package /home/gana/.npm/a0d48c6f-npm-cordova-3-6-3-0-2-13-package.lock
102 silly lockFile d28a40d8-cordova-3-6-3-0-2-13-package-tgz tar:///home/gana/.npm/cordova/3.6.3-0.2.13/package.tgz
103 verbose lock tar:///home/gana/.npm/cordova/3.6.3-0.2.13/package.tgz /home/gana/.npm/d28a40d8-cordova-3-6-3-0-2-13-package-tgz.lock
104 silly gunzTarPerm modes [ '755', '644' ]
105 silly gunzTarPerm extractEntry package.json
106 silly gunzTarPerm extractEntry .npmignore
107 silly gunzTarPerm extractEntry README.md
108 silly gunzTarPerm extractEntry LICENSE
109 silly gunzTarPerm extractEntry cordova.js
110 silly gunzTarPerm extractEntry CONTRIBUTING.md
111 silly gunzTarPerm extractEntry RELEASENOTES.md
112 silly gunzTarPerm extractEntry .reviewboardrc
113 silly gunzTarPerm extractEntry bin/cordova
114 silly gunzTarPerm extractEntry bin/cordova.cmd
115 silly gunzTarPerm extractEntry src/cli.js
116 silly gunzTarPerm extractEntry src/create.js
117 silly gunzTarPerm extractEntry src/help.js
118 silly gunzTarPerm extractEntry doc/ja/bash.md
119 silly gunzTarPerm extractEntry doc/bash.md
120 silly gunzTarPerm extractEntry doc/compile.txt
121 silly gunzTarPerm extractEntry doc/cordova.txt
122 silly gunzTarPerm extractEntry doc/create.txt
123 silly gunzTarPerm extractEntry doc/de/bash.md
124 silly gunzTarPerm extractEntry doc/emulate.txt
125 silly gunzTarPerm extractEntry doc/es/bash.md
126 silly gunzTarPerm extractEntry doc/fr/bash.md
127 silly gunzTarPerm extractEntry doc/help.txt
128 silly gunzTarPerm extractEntry doc/info.txt
129 silly gunzTarPerm extractEntry doc/it/bash.md
130 silly gunzTarPerm extractEntry doc/build.txt
131 silly gunzTarPerm extractEntry doc/ko/bash.md
132 silly gunzTarPerm extractEntry doc/pl/bash.md
133 silly gunzTarPerm extractEntry doc/platform.txt
134 silly gunzTarPerm extractEntry doc/plugin.txt
135 silly gunzTarPerm extractEntry doc/prepare.txt
136 silly gunzTarPerm extractEntry doc/restore.txt
137 silly gunzTarPerm extractEntry doc/ru/bash.md
138 silly gunzTarPerm extractEntry doc/run.txt
139 silly gunzTarPerm extractEntry doc/save.txt
140 silly gunzTarPerm extractEntry doc/serve.txt
141 silly gunzTarPerm extractEntry doc/zh/bash.md
142 silly gunzTarPerm extractEntry npm-shrinkwrap.json
143 silly gunzTarPerm extractEntry NOTICE
144 silly gunzTarPerm extractEntry scripts/cordova.completion
145 silly gunzTarPerm extractEntry VERSION
146 silly lockFile a0d48c6f-npm-cordova-3-6-3-0-2-13-package tar:///home/gana/.npm/cordova/3.6.3-0.2.13/package
147 silly lockFile a0d48c6f-npm-cordova-3-6-3-0-2-13-package tar:///home/gana/.npm/cordova/3.6.3-0.2.13/package
148 silly lockFile d28a40d8-cordova-3-6-3-0-2-13-package-tgz tar:///home/gana/.npm/cordova/3.6.3-0.2.13/package.tgz
149 silly lockFile d28a40d8-cordova-3-6-3-0-2-13-package-tgz tar:///home/gana/.npm/cordova/3.6.3-0.2.13/package.tgz
150 verbose chmod /home/gana/.npm/cordova/3.6.3-0.2.13/package.tgz 644
151 verbose chown /home/gana/.npm/cordova/3.6.3-0.2.13/package.tgz [ 1000, 1000 ]
152 silly lockFile 9a53b55c-cordova-cordova-3-6-3-0-2-13-tgz https://registry.npmjs.org/cordova/-/cordova-3.6.3-0.2.13.tgz
153 silly lockFile 9a53b55c-cordova-cordova-3-6-3-0-2-13-tgz https://registry.npmjs.org/cordova/-/cordova-3.6.3-0.2.13.tgz
154 silly lockFile b9573d16-cordova-3-6-3-0-2-13 cordova@3.6.3-0.2.13
155 silly lockFile b9573d16-cordova-3-6-3-0-2-13 cordova@3.6.3-0.2.13
156 silly lockFile d1c74f74-cordova cordova@*
157 silly lockFile d1c74f74-cordova cordova@*
158 info outdated updating [ [ '/usr/lib', 'cordova', '3.5.0-0.2.6', '3.6.3-0.2.13', '*' ] ]
159 verbose install where,what [ '/usr/lib', [ 'cordova@3.6.3-0.2.13' ] ]
160 verbose cache add [ 'cordova@3.6.3-0.2.13', null ]
161 verbose cache add name=undefined spec="cordova@3.6.3-0.2.13" args=["cordova@3.6.3-0.2.13",null]
162 verbose parsed url { protocol: null,
162 verbose parsed url   slashes: null,
162 verbose parsed url   auth: null,
162 verbose parsed url   host: null,
162 verbose parsed url   port: null,
162 verbose parsed url   hostname: null,
162 verbose parsed url   hash: null,
162 verbose parsed url   search: null,
162 verbose parsed url   query: null,
162 verbose parsed url   pathname: 'cordova@3.6.3-0.2.13',
162 verbose parsed url   path: 'cordova@3.6.3-0.2.13',
162 verbose parsed url   href: 'cordova@3.6.3-0.2.13' }
163 verbose cache add name="cordova" spec="3.6.3-0.2.13" args=["cordova","3.6.3-0.2.13"]
164 verbose parsed url { protocol: null,
164 verbose parsed url   slashes: null,
164 verbose parsed url   auth: null,
164 verbose parsed url   host: null,
164 verbose parsed url   port: null,
164 verbose parsed url   hostname: null,
164 verbose parsed url   hash: null,
164 verbose parsed url   search: null,
164 verbose parsed url   query: null,
164 verbose parsed url   pathname: '3.6.3-0.2.13',
164 verbose parsed url   path: '3.6.3-0.2.13',
164 verbose parsed url   href: '3.6.3-0.2.13' }
165 verbose addNamed [ 'cordova', '3.6.3-0.2.13' ]
166 verbose addNamed [ '3.6.3-0.2.13', '3.6.3-0.2.13' ]
167 silly lockFile b9573d16-cordova-3-6-3-0-2-13 cordova@3.6.3-0.2.13
168 verbose lock cordova@3.6.3-0.2.13 /home/gana/.npm/b9573d16-cordova-3-6-3-0-2-13.lock
169 verbose url raw cordova/3.6.3-0.2.13
170 verbose url resolving [ 'https://registry.npmjs.org/', './cordova/3.6.3-0.2.13' ]
171 verbose url resolved https://registry.npmjs.org/cordova/3.6.3-0.2.13
172 info trying registry request attempt 1 at 14:35:19
173 http GET https://registry.npmjs.org/cordova/3.6.3-0.2.13
174 http 200 https://registry.npmjs.org/cordova/3.6.3-0.2.13
175 silly registry.get cb [ 200,
175 silly registry.get   { date: 'Wed, 01 Oct 2014 18:35:19 GMT',
175 silly registry.get     server: 'CouchDB/1.5.0 (Erlang OTP/R16B03)',
175 silly registry.get     etag: '"5JKQZ6GGJLOOKPDG1BF0AZLA8"',
175 silly registry.get     'content-type': 'application/json',
175 silly registry.get     'cache-control': 'max-age=60',
175 silly registry.get     'content-length': '3096',
175 silly registry.get     'accept-ranges': 'bytes',
175 silly registry.get     via: '1.1 varnish',
175 silly registry.get     age: '1537',
175 silly registry.get     'x-served-by': 'cache-jfk1024-JFK',
175 silly registry.get     'x-cache': 'MISS',
175 silly registry.get     'x-cache-hits': '0',
175 silly registry.get     'x-timer': 'S1412188519.865552,VS0,VE77',
175 silly registry.get     vary: 'Accept',
175 silly registry.get     'keep-alive': 'timeout=10, max=50',
175 silly registry.get     connection: 'Keep-Alive' } ]
176 silly lockFile 9a53b55c-cordova-cordova-3-6-3-0-2-13-tgz https://registry.npmjs.org/cordova/-/cordova-3.6.3-0.2.13.tgz
177 verbose lock https://registry.npmjs.org/cordova/-/cordova-3.6.3-0.2.13.tgz /home/gana/.npm/9a53b55c-cordova-cordova-3-6-3-0-2-13-tgz.lock
178 verbose addRemoteTarball [ 'https://registry.npmjs.org/cordova/-/cordova-3.6.3-0.2.13.tgz',
178 verbose addRemoteTarball   '5c492b872e64f1444161b9d615ea9f0e239dd4fc' ]
179 info retry fetch attempt 1 at 14:35:19
180 verbose fetch to= /home/gana/tmp/npm-13548-gjyTSWWj/1412188519972-0.3965926568489522/tmp.tgz
181 http GET https://registry.npmjs.org/cordova/-/cordova-3.6.3-0.2.13.tgz
182 http 200 https://registry.npmjs.org/cordova/-/cordova-3.6.3-0.2.13.tgz
183 verbose tar unpack /home/gana/tmp/npm-13548-gjyTSWWj/1412188519972-0.3965926568489522/tmp.tgz
184 silly lockFile 64356a73-19972-0-3965926568489522-package tar:///home/gana/tmp/npm-13548-gjyTSWWj/1412188519972-0.3965926568489522/package
185 verbose lock tar:///home/gana/tmp/npm-13548-gjyTSWWj/1412188519972-0.3965926568489522/package /home/gana/.npm/64356a73-19972-0-3965926568489522-package.lock
186 silly lockFile 19f625cb-19972-0-3965926568489522-tmp-tgz tar:///home/gana/tmp/npm-13548-gjyTSWWj/1412188519972-0.3965926568489522/tmp.tgz
187 verbose lock tar:///home/gana/tmp/npm-13548-gjyTSWWj/1412188519972-0.3965926568489522/tmp.tgz /home/gana/.npm/19f625cb-19972-0-3965926568489522-tmp-tgz.lock
188 silly gunzTarPerm modes [ '755', '644' ]
189 silly gunzTarPerm extractEntry package.json
190 silly gunzTarPerm extractEntry .npmignore
191 silly gunzTarPerm extractEntry README.md
192 silly gunzTarPerm extractEntry LICENSE
193 silly gunzTarPerm extractEntry cordova.js
194 silly gunzTarPerm extractEntry VERSION
195 silly gunzTarPerm extractEntry NOTICE
196 silly gunzTarPerm extractEntry .reviewboardrc
197 silly gunzTarPerm extractEntry RELEASENOTES.md
198 silly gunzTarPerm extractEntry bin/cordova
199 silly gunzTarPerm extractEntry bin/cordova.cmd
200 silly gunzTarPerm extractEntry CONTRIBUTING.md
201 silly gunzTarPerm extractEntry doc/ja/bash.md
202 silly gunzTarPerm extractEntry doc/bash.md
203 silly gunzTarPerm extractEntry doc/compile.txt
204 silly gunzTarPerm extractEntry doc/cordova.txt
205 silly gunzTarPerm extractEntry doc/create.txt
206 silly gunzTarPerm extractEntry doc/de/bash.md
207 silly gunzTarPerm extractEntry doc/emulate.txt
208 silly gunzTarPerm extractEntry doc/es/bash.md
209 silly gunzTarPerm extractEntry doc/fr/bash.md
210 silly gunzTarPerm extractEntry doc/help.txt
211 silly gunzTarPerm extractEntry doc/info.txt
212 silly gunzTarPerm extractEntry doc/it/bash.md
213 silly gunzTarPerm extractEntry doc/build.txt
214 silly gunzTarPerm extractEntry doc/ko/bash.md
215 silly gunzTarPerm extractEntry doc/pl/bash.md
216 silly gunzTarPerm extractEntry doc/platform.txt
217 silly gunzTarPerm extractEntry doc/plugin.txt
218 silly gunzTarPerm extractEntry doc/prepare.txt
219 silly gunzTarPerm extractEntry doc/restore.txt
220 silly gunzTarPerm extractEntry doc/ru/bash.md
221 silly gunzTarPerm extractEntry doc/run.txt
222 silly gunzTarPerm extractEntry doc/save.txt
223 silly gunzTarPerm extractEntry doc/serve.txt
224 silly gunzTarPerm extractEntry doc/zh/bash.md
225 silly gunzTarPerm extractEntry npm-shrinkwrap.json
226 silly gunzTarPerm extractEntry scripts/cordova.completion
227 silly gunzTarPerm extractEntry src/cli.js
228 silly gunzTarPerm extractEntry src/create.js
229 silly gunzTarPerm extractEntry src/help.js
230 silly lockFile 64356a73-19972-0-3965926568489522-package tar:///home/gana/tmp/npm-13548-gjyTSWWj/1412188519972-0.3965926568489522/package
231 silly lockFile 64356a73-19972-0-3965926568489522-package tar:///home/gana/tmp/npm-13548-gjyTSWWj/1412188519972-0.3965926568489522/package
232 silly lockFile 19f625cb-19972-0-3965926568489522-tmp-tgz tar:///home/gana/tmp/npm-13548-gjyTSWWj/1412188519972-0.3965926568489522/tmp.tgz
233 silly lockFile 19f625cb-19972-0-3965926568489522-tmp-tgz tar:///home/gana/tmp/npm-13548-gjyTSWWj/1412188519972-0.3965926568489522/tmp.tgz
234 verbose tar pack [ '/home/gana/.npm/cordova/3.6.3-0.2.13/package.tgz',
234 verbose tar pack   '/home/gana/tmp/npm-13548-gjyTSWWj/1412188519972-0.3965926568489522/package' ]
235 verbose tarball /home/gana/.npm/cordova/3.6.3-0.2.13/package.tgz
236 verbose folder /home/gana/tmp/npm-13548-gjyTSWWj/1412188519972-0.3965926568489522/package
237 silly lockFile 64356a73-19972-0-3965926568489522-package tar:///home/gana/tmp/npm-13548-gjyTSWWj/1412188519972-0.3965926568489522/package
238 verbose lock tar:///home/gana/tmp/npm-13548-gjyTSWWj/1412188519972-0.3965926568489522/package /home/gana/.npm/64356a73-19972-0-3965926568489522-package.lock
239 silly lockFile d28a40d8-cordova-3-6-3-0-2-13-package-tgz tar:///home/gana/.npm/cordova/3.6.3-0.2.13/package.tgz
240 verbose lock tar:///home/gana/.npm/cordova/3.6.3-0.2.13/package.tgz /home/gana/.npm/d28a40d8-cordova-3-6-3-0-2-13-package-tgz.lock
241 silly lockFile 64356a73-19972-0-3965926568489522-package tar:///home/gana/tmp/npm-13548-gjyTSWWj/1412188519972-0.3965926568489522/package
242 silly lockFile 64356a73-19972-0-3965926568489522-package tar:///home/gana/tmp/npm-13548-gjyTSWWj/1412188519972-0.3965926568489522/package
243 silly lockFile d28a40d8-cordova-3-6-3-0-2-13-package-tgz tar:///home/gana/.npm/cordova/3.6.3-0.2.13/package.tgz
244 silly lockFile d28a40d8-cordova-3-6-3-0-2-13-package-tgz tar:///home/gana/.npm/cordova/3.6.3-0.2.13/package.tgz
245 silly lockFile 1516946d-npm-cordova-3-6-3-0-2-13-package /home/gana/.npm/cordova/3.6.3-0.2.13/package
246 verbose lock /home/gana/.npm/cordova/3.6.3-0.2.13/package /home/gana/.npm/1516946d-npm-cordova-3-6-3-0-2-13-package.lock
247 silly lockFile 1516946d-npm-cordova-3-6-3-0-2-13-package /home/gana/.npm/cordova/3.6.3-0.2.13/package
248 silly lockFile 1516946d-npm-cordova-3-6-3-0-2-13-package /home/gana/.npm/cordova/3.6.3-0.2.13/package
249 verbose tar unpack /home/gana/.npm/cordova/3.6.3-0.2.13/package.tgz
250 silly lockFile a0d48c6f-npm-cordova-3-6-3-0-2-13-package tar:///home/gana/.npm/cordova/3.6.3-0.2.13/package
251 verbose lock tar:///home/gana/.npm/cordova/3.6.3-0.2.13/package /home/gana/.npm/a0d48c6f-npm-cordova-3-6-3-0-2-13-package.lock
252 silly lockFile d28a40d8-cordova-3-6-3-0-2-13-package-tgz tar:///home/gana/.npm/cordova/3.6.3-0.2.13/package.tgz
253 verbose lock tar:///home/gana/.npm/cordova/3.6.3-0.2.13/package.tgz /home/gana/.npm/d28a40d8-cordova-3-6-3-0-2-13-package-tgz.lock
254 silly gunzTarPerm modes [ '755', '644' ]
255 silly gunzTarPerm extractEntry package.json
256 silly gunzTarPerm extractEntry .npmignore
257 silly gunzTarPerm extractEntry README.md
258 silly gunzTarPerm extractEntry LICENSE
259 silly gunzTarPerm extractEntry cordova.js
260 silly gunzTarPerm extractEntry CONTRIBUTING.md
261 silly gunzTarPerm extractEntry RELEASENOTES.md
262 silly gunzTarPerm extractEntry .reviewboardrc
263 silly gunzTarPerm extractEntry bin/cordova
264 silly gunzTarPerm extractEntry bin/cordova.cmd
265 silly gunzTarPerm extractEntry src/cli.js
266 silly gunzTarPerm extractEntry src/create.js
267 silly gunzTarPerm extractEntry src/help.js
268 silly gunzTarPerm extractEntry doc/ja/bash.md
269 silly gunzTarPerm extractEntry doc/bash.md
270 silly gunzTarPerm extractEntry doc/compile.txt
271 silly gunzTarPerm extractEntry doc/cordova.txt
272 silly gunzTarPerm extractEntry doc/create.txt
273 silly gunzTarPerm extractEntry doc/de/bash.md
274 silly gunzTarPerm extractEntry doc/emulate.txt
275 silly gunzTarPerm extractEntry doc/es/bash.md
276 silly gunzTarPerm extractEntry doc/fr/bash.md
277 silly gunzTarPerm extractEntry doc/help.txt
278 silly gunzTarPerm extractEntry doc/info.txt
279 silly gunzTarPerm extractEntry doc/it/bash.md
280 silly gunzTarPerm extractEntry doc/build.txt
281 silly gunzTarPerm extractEntry doc/ko/bash.md
282 silly gunzTarPerm extractEntry doc/pl/bash.md
283 silly gunzTarPerm extractEntry doc/platform.txt
284 silly gunzTarPerm extractEntry doc/plugin.txt
285 silly gunzTarPerm extractEntry doc/prepare.txt
286 silly gunzTarPerm extractEntry doc/restore.txt
287 silly gunzTarPerm extractEntry doc/ru/bash.md
288 silly gunzTarPerm extractEntry doc/run.txt
289 silly gunzTarPerm extractEntry doc/save.txt
290 silly gunzTarPerm extractEntry doc/serve.txt
291 silly gunzTarPerm extractEntry doc/zh/bash.md
292 silly gunzTarPerm extractEntry npm-shrinkwrap.json
293 silly gunzTarPerm extractEntry NOTICE
294 silly gunzTarPerm extractEntry scripts/cordova.completion
295 silly gunzTarPerm extractEntry VERSION
296 silly lockFile a0d48c6f-npm-cordova-3-6-3-0-2-13-package tar:///home/gana/.npm/cordova/3.6.3-0.2.13/package
297 silly lockFile a0d48c6f-npm-cordova-3-6-3-0-2-13-package tar:///home/gana/.npm/cordova/3.6.3-0.2.13/package
298 silly lockFile d28a40d8-cordova-3-6-3-0-2-13-package-tgz tar:///home/gana/.npm/cordova/3.6.3-0.2.13/package.tgz
299 silly lockFile d28a40d8-cordova-3-6-3-0-2-13-package-tgz tar:///home/gana/.npm/cordova/3.6.3-0.2.13/package.tgz
300 verbose chmod /home/gana/.npm/cordova/3.6.3-0.2.13/package.tgz 644
301 verbose chown /home/gana/.npm/cordova/3.6.3-0.2.13/package.tgz [ 1000, 1000 ]
302 silly lockFile 9a53b55c-cordova-cordova-3-6-3-0-2-13-tgz https://registry.npmjs.org/cordova/-/cordova-3.6.3-0.2.13.tgz
303 silly lockFile 9a53b55c-cordova-cordova-3-6-3-0-2-13-tgz https://registry.npmjs.org/cordova/-/cordova-3.6.3-0.2.13.tgz
304 silly lockFile b9573d16-cordova-3-6-3-0-2-13 cordova@3.6.3-0.2.13
305 silly lockFile b9573d16-cordova-3-6-3-0-2-13 cordova@3.6.3-0.2.13
306 silly resolved [ { name: 'cordova',
306 silly resolved     version: '3.6.3-0.2.13',
306 silly resolved     preferGlobal: 'true',
306 silly resolved     description: 'Cordova command line interface tool',
306 silly resolved     main: 'cordova',
306 silly resolved     engines: { node: '>=0.9.9' },
306 silly resolved     engineStrict: true,
306 silly resolved     bin: { cordova: './bin/cordova' },
306 silly resolved     scripts: { test: 'jasmine-node --captureExceptions --color spec' },
306 silly resolved     repository:
306 silly resolved      { type: 'git',
306 silly resolved        url: 'https://git-wip-us.apache.org/repos/asf/cordova-cli.git' },
306 silly resolved     bugs:
306 silly resolved      { url: 'https://issues.apache.org/jira/browse/CB',
306 silly resolved        email: 'dev@cordova.apache.org' },
306 silly resolved     keywords: [ 'cordova', 'client', 'cli' ],
306 silly resolved     dependencies:
306 silly resolved      { 'cordova-lib': '0.21.13',
306 silly resolved        q: '~0.9',
306 silly resolved        nopt: '~2',
306 silly resolved        underscore: '1.4.4' },
306 silly resolved     devDependencies: { 'jasmine-node': '1.14.1' },
306 silly resolved     author: { name: 'Anis Kadri' },
306 silly resolved     contributors:
306 silly resolved      [ [Object],
306 silly resolved        [Object],
306 silly resolved        [Object],
306 silly resolved        [Object],
306 silly resolved        [Object],
306 silly resolved        [Object],
306 silly resolved        [Object],
306 silly resolved        [Object],
306 silly resolved        [Object],
306 silly resolved        [Object],
306 silly resolved        [Object],
306 silly resolved        [Object],
306 silly resolved        [Object],
306 silly resolved        [Object],
306 silly resolved        [Object],
306 silly resolved        [Object],
306 silly resolved        [Object],
306 silly resolved        [Object],
306 silly resolved        [Object],
306 silly resolved        [Object],
306 silly resolved        [Object],
306 silly resolved        [Object],
306 silly resolved        [Object],
306 silly resolved        [Object] ],
306 silly resolved     license: 'Apache version 2.0',
306 silly resolved     readme: '<!--\n#\n# Licensed to the Apache Software Foundation (ASF) under one\n# or more contributor license agreements.  See the NOTICE file\n# distributed with this work for additional information\n# regarding copyright ownership.  The ASF licenses this file\n# to you under the Apache License, Version 2.0 (the\n# "License"); you may not use this file except in compliance\n# with the License.  You may obtain a copy of the License at\n#\n# http://www.apache.org/licenses/LICENSE-2.0\n#\n# Unless required by applicable law or agreed to in writing,\n# software distributed under the License is distributed on an\n# "AS IS" BASIS, WITHOUT WARRANTIES OR CONDITIONS OF ANY\n#  KIND, either express or implied.  See the License for the\n# specific language governing permissions and limitations\n# under the License.\n#\n-->\n\n# cordova-cli\n\n> The command line tool to build, deploy and manage [Cordova](http://cordova.io)-based applications.\n\n[Apache Cordova](http://cordova.io) allows for building native mobile applications using HTML, CSS and JavaScript. This tool helps with management of multi-platform Cordova applications as well as Cordova plugin integration.\n\nCheck out the [Getting Started guides](http://cordova.apache.org/docs/en/edge/) for more details on how to work with Cordova sub-projects.\n\n# Supported Cordova Platforms\n\n- Amazon Fire OS\n- Android\n- BlackBerry 10\n- iOS\n- Ubuntu\n- Windows Phone 8\n- Windows 8\n\n# Requirements\n\n* [Node.js](http://nodejs.org/)\n* SDKs for each platform you wish to support:\n  - **Android**: [Android SDK](http://developer.android.com) - **NOTE** This tool\n    will not work unless you have the absolute latest updates for all\n    Android SDK components. Also you will need the SDK\'s `tools` and `platform-tools` directories on your __system path__ otherwise Android support will fail.\n  - **amazon-fireos**: [Amazon Fire OS SDK](https://developer.amazon.com/public/solutions/platforms/android-fireos/docs/building-and-testing-your-hybrid-app) - **NOTE** This tool will not work unless you have Android SDK installed and paths are updated as mentioned above. In addition you need to install AmazonWebView SDK and copy awv_interface.jar on **Mac/Linux** system to ~/.cordova/lib/commonlibs folder or on **Windows** %USERPROFILE%/.cordova/lib/coomonlibs. If commonlibs folder does not exist then create one.\n  - [Windows Phone SDK](http://dev.windowsphone.com/en-us/downloadsdk) - **NOTE** This tool will not work unless you have `msbuild` on your __system path__ otherwise Windows Phone support will fail (`msbuild.exe` is generally located in `C:\\Windows\\Microsoft.NET\\Framework\\v4.0.30319`).\n  - **BlackBerry 10**: [BlackBerry 10 WebWorks SDK](http://developer.blackberry.com/html5/download/). Make sure you have the `dependencies/tools/bin` folder inside the SDK directory added to your path!\n  - **iOS**: [iOS SDK](http://developer.apple.com) with the latest `Xcode` and `Xcode Command Line Tools`\n  - **Windows Phone**: [Windows Phone SDK](http://dev.windowsphone.com/en-us/downloadsdk) - **NOTE** This tool will not work unless you have `msbuild` on your __system path__ otherwise Windows Phone support will fail (`msbuild.exe` is generally located in `C:\\Windows\\Microsoft.NET\\Framework\\v4.0.30319`).\n\n`cordova-cli` has been tested on **Mac OS X**, **Linux**, **Windows 7**, and **Windows 8**.\n\nPlease note that some platforms have OS restrictions.  For example, you cannot build for Windows 8 or Windows Phone 8 on Mac OS X, nor can you build for iOS on Windows.\n\n# Install\n\nUbuntu packages are available in a PPA for Ubuntu 13.10 (Saucy) (the current release) as well as 14.04 (Trusty) (under development).\n\n    sudo apt-add-repository ppa:cordova-ubuntu/ppa\n    sudo apt-get update\n    sudo apt-get install cordova-cli\n    npm install -g cordova\n\nTo build an application for the Ubuntu platform, the following extra packages are required:\n\n    sudo apt-get install cmake debhelper libx11-dev libicu-dev pkg-config qtbase5-dev qtchooser qtdeclarative5-dev qtfeedback5-dev qtlocation5-dev qtmultimedia5-dev qtpim5-dev qtsensors5-dev qtsystems5-dev\n\n\n## Installing from master\n\nYou\'ll need to install both [CLI](https://git-wip-us.apache.org/repos/asf/cordova-cli.git) and [Plugman](https://git-wip-us.apache.org/repos/asf/cordova-plugman.git) from `git`. Running the *npm version* of one and *(git) master version* of the other is likely to end with you suffering.\n\nTo avoid using sudo, see [Get away from sudo: npm without root](http://justjs.com/posts/npm-link-developing-your-own-npm-modules-without-tears).\n\nRun the following commands:\n\n    git clone https://git-wip-us.apache.org/repos/asf/cordova-plugman.git\n    cd cordova-plugman\n    npm install\n    sudo npm link\n    cd ..\n    git clone https://git-wip-us.apache.org/repos/asf/cordova-cli.git\n    cd cordova-cli\n    npm install\n    sudo npm link\n    npm link plugman\n\nNow the `cordova` and `plugman` in your path are the local git versions. Don\'t forget to keep them up to date!\n\n## Installing on Ubuntu\n\n    apt-get install cordova-cli\n\n\n# Getting Started\n\n`cordova-cli` has a single global `create` command that creates new cordova projects into a specified directory. Once you create a project, `cd` into it and you can execute a variety of project-level commands. Completely inspired by git\'s interface.\n\n## Global Commands\n\n- `help` display a help page with all available commands\n- `create <directory> [<id> [<name>]]` create a new cordova project with optional name and id (package name, reverse-domain style)\n\n<a name="project_commands" />\n## Project Commands\n\n- `platform [ls | list]` list all platforms for which the project will build\n- `platform add <platform> [<platform> ...]` add one (or more) platforms as a build target for the project\n- `platform [rm | remove] <platform> [<platform> ...]` removes one (or more) platform build targets from the project\n- `platform [up | update] <platform> ` - updates the Cordova version used for the given platform\n- `plugin [ls | list]` list all plugins included in the project\n- `plugin add <path-to-plugin> [<path-to-plugin> ...]` add one (or more) plugins to the project\n- `plugin [rm | remove] <plugin-name> [<plugin-name> ...]` remove one (or more) plugins from the project.\n- `plugin search [<keyword1> <keyword2> ...]` search the plugin registry for plugins matching the list of keywords\n- `prepare [platform...]` copies files into the specified platforms, or all platforms. It is then ready for building by `Eclipse`, `Xcode`, etc.\n- `compile [platform...]` compiles the app into a binary for each targetted platform. With no parameters, builds for all platforms, otherwise builds for the specified platforms.\n- `build [<platform> [<platform> [...]]]` an alias for `cordova prepare` followed by `cordova compile`\n- `emulate [<platform> [<platform> [...]]]` launch emulators and deploy app to them. With no parameters emulates for all platforms added to the project, otherwise emulates for the specified platforms\n- `serve [port]` launch a local web server allowing you to access each  platform\'s www directory on the given port (default 8000).\n\n### Optional Flags\n\n- `-d` or `--verbose` will pipe out more verbose output to your shell. You can also subscribe to `log` and `warn` events if you are consuming `cordova-cli` as a node module by calling `cordova.on(\'log\', function() {})` or `cordova.on(\'warn\', function() {})`.\n- `-v` or `--version` will print out the version of your `cordova-cli` install.\n\n# Project Directory Structure\nA Cordova application built with `cordova-cli` will have the following directory structure:\n\n    myApp/\n    |-- config.xml\n    |-- hooks/\n    |-- merges/\n    | | |-- android/\n    | | |-- blackberry10/\n    | | `-- ios/\n    |-- www/\n    |-- platforms/\n    | |-- android/\n    | |-- blackberry10/\n    | `-- ios/\n    `-- plugins/\n\n## hooks/\nThis directory may contains scripts used to customize cordova commands. This\ndirectory used to exist at `.cordova/hooks`, but has now been moved to the\nproject root. Any scripts you add to these directories will be executed before\nand after the commands corresponding to the directory name. Useful for\nintegrating your own build systems or integrating with version control systems.\n\nRefer to [hooks-README.md](https://github.com/apache/cordova-lib/blob/master/cordova-lib/templates/hooks-README.md) for more information.\n\n## merges/\nPlatform-specific web assets (HTML, CSS and JavaScript files) are contained within appropriate subfolders in this directory. These are deployed during a `prepare` to the appropriate native directory.  Files placed under `merges/` will override matching files in the `www/` folder for the relevant platform. A quick example, assuming a project structure of:\n\n    merges/\n    |-- ios/\n    | `-- app.js\n    |-- android/\n    | `-- android.js\n    www/\n    `-- app.js\n\nAfter building the Android and iOS projects, the Android application will contain both `app.js` and `android.js`. However, the iOS application will only contain an `app.js`, and it will be the one from `merges/ios/app.js`, overriding the "common" `app.js` located inside `www/`.\n\n## www/\n\nContains the project\'s web artifacts, such as .html, .css and .js files. These are your main application assets. They will be copied on a `cordova prepare` to each platform\'s www directory.\n\n### Your Blanket: config.xml\n\nThis file is what you should be editing to modify your application\'s metadata. Any time you run any cordova-cli commands, the tool will look at the contents of `config.xml` and use all relevant info from this file to define native application information. cordova-cli supports changing your application\'s data via the following elements inside the `config.xml` file:\n\n- The user-facing name can be modified via the contents of the `<name>` element.\n- The package name (AKA bundle identifier or application id) can be modified via the `id` attribute from the top-level `<widget>` element.\n- The version can be modified via the `version` attribute from the top-level `<widget>` element.\n- The whitelist can be modified using the `<access>` elements. Make sure the `origin` attribute of your `<access>` element points to a valid URL (you can use `*` as wildcard). For more information on the whitelisting syntax, see the [docs.phonegap.com](http://docs.phonegap.com/en/2.2.0/guide_whitelist_index.md.html#Domain%20Whitelist%20Guide). You can use either attribute `uri` ([BlackBerry-proprietary](https://developer.blackberry.com/html5/documentation/access_element_834677_11.html)) or `origin` ([standards-compliant](http://www.w3.org/TR/widgets-access/#attributes)) to denote the domain.\n- Platform-specific preferences can be customized via `<preference>` tags. See [docs.phonegap.com](http://docs.phonegap.com/en/2.3.0/guide_project-settings_index.md.html#Project%20Settings) for a list of preferences you can use.\n- The entry/start page for your application can be defined via the `<content src>` element + attribute.\n\n## platforms/\nPlatforms added to your application will have the native application project structures laid out within this directory.\n\n## plugins/\nAny added plugins will be extracted or copied into this directory.\n\n# Hooks\n\nProjects created by cordova-cli have `before` and `after` hooks for each [project command](#project_commands).\n\nThere are two types of hooks: project-specific ones and module-level ones. Both of these types of hooks receive the project root folder as a parameter.\n\n## Project-specific Hooks\n\nThese are located under the `hooks` directory in the root of your cordova project. Any scripts you add to these directories will be executed before and after the appropriate commands. Useful for integrating your own build systems or integrating with version control systems. __Remember__: make your scripts executable.\n\n### Examples\n\n- [`before_build` hook for jade template compiling](https://gist.github.com/4100866) courtesy of [dpogue](http://github.com/dpogue)\n\n## Module-level Hooks\n\nIf you are using cordova-cli as a module within a larger **Node** application, you can also use the standard `EventEmitter` methods to attach to the events. The events include `before_build`, `before_compile`, `before_docs`, `before_emulate`, `before_run`, `before_platform_add`, `before_library_download`, `before_platform_ls`, `before_platform_rm`, `before_plugin_add`, `before_plugin_ls`, `before_plugin_rm` and `before_prepare`. There is also a `library_download` progress event. Additionally, there are `after_` flavours of all the above events.\n\nOnce you `require(\'cordova\')` in your Node project, you will have the usual `EventEmitter` methods available (`on`, `off` or `removeListener`, `removeAllListeners`, and `emit` or `trigger`).\n\n# Examples\n\n## Creating a new cordova project\nThis example shows how to create a project from scratch named KewlApp with iOS and Android platform support, and includes a plugin named Kewlio. The project will live in ~/KewlApp\n\n    cordova create ~/KewlApp KewlApp\n    cd ~/KewlApp\n    cordova platform add ios android\n    cordova plugin add http://example.org/Kewlio-1.2.3.tar.gz\n    cordova build\n\nThe directory structure of KewlApp now looks like this:\n\n    KewlApp/\n    |-- hooks/\n    |-- merges/\n    | |-- android/\n    | `-- ios/\n    |-- www/\n    | `-- index.html\n    |-- platforms/\n    | |-- android/\n    | | `-- …\n    | `-- ios/\n    |   `-- …\n    `-- plugins/\n      `-- Kewlio/\n\n# Contributing\n\n## Running Tests\n\n    npm test\n\n## TO-DO + Issues\n\nPlease check [Cordova issues with the CLI Component](http://issues.cordova.io). If you find issues with this tool, please be so kind as to include relevant information needed to debug issues such as:\n\n- Your operating system and version\n- The application name, directory location, and identifier used with `create`\n- Which mobile SDKs you have installed, and their versions. Related to this: which `Xcode` version if you are submitting issues related to iOS\n- Any error stack traces you received\n\n## Contributors\n\nThanks to everyone for contributing! For a list of people involved, please see the `package.json` file.\n\n\n# Known Issues and Troubleshooting\n\n## Any OS\n\n### Proxy Settings\n\n`cordova-cli` will use `npm`\'s proxy settings. If you downloaded cordova-cli via `npm` and are behind a proxy, chances are cordova-cli should work for you as it will use those settings in the first place. Make sure that the `https-proxy` and `proxy` npm config variables are set properly. See [npm\'s configuration documentation](https://npmjs.org/doc/config.html) for more information.\n\n## Windows\n\n### Trouble Adding Android as a Platform\n\nWhen trying to add a platform on a Windows machine if you run into the following error message:\n    cordova library for "android" already exists. No need to download. Continuing.\n    Checking if platform "android" passes minimum requirements...\n    Checking Android requirements...\n    Running "android list target" (output to follow)\n\n    Error: The command `android` failed. Make sure you have the latest Android SDK installed, and the `android` command (inside the tools/ folder) added t\n    o your path. Output:\n    at C:\\Users\\me\\AppData\\Roaming\\npm\\node_modules\\cordova\\src\\platform.js:185:42\n    at C:\\Users\\me\\AppData\\Roaming\\npm\\node_modules\\cordova\\src\\metadata\\android_parser.js:50:13\n    at C:\\Users\\me\\AppData\\Roaming\\npm\\node_modules\\cordova\\node_modules\\shelljs\\shell.js:1707:7\n    at exithandler (child_process.js:633:7)\n    at ChildProcess.errorhandler (child_process.js:649:5)\n    at ChildProcess.EventEmitter.emit (events.js:95:17)\n    at Process.ChildProcess._handle.onexit (child_process.js:787:12)\n\nrun the command `android list target`.  If you see:\n\n    \'xcopy\' is not recognized as an internal or external command,\n    operable program or batch file.\n\nat the beginning of the command output, it means you will need to fix your Windows Path variable to include xcopy. This location is typically under C:\\Windows\\System32.\n\n## Windows 8\n\nWindows 8 support does not include the ability to launch/run/emulate, so you will need to open **Visual Studio** to see your app live.  You are still able to use the following commands with windows8:\n\n- `platform add windows8`\n- `platform remove windows8`\n- `prepare windows8`\n- `compile windows8`\n- `build windows8`\n\nTo run your app, you will need to open the `.sln` in the `platforms/windows8` folder using **Visual Studio 2012**.\n\n**Visual Studio** will tell you to reload the project if you run any of the above commands while the project is loaded.\n\n## Amazon Fire OS\n\nAmazon Fire OS does not include the ability to emulate. You are still able to use the following commands with Amazon Fire OS\n\n- `platform add amazon-fireos`\n- `platform remove amazon-fireos`\n- `prepare amazon-fireos`\n- `compile amazon-fireos`\n- `build amazon-fireos`\n\n## Ubuntu\n\nThe initial release of cordova-ubuntu does not support building applications for armhf devices automatically. It is possible to produce applications and click packages in a few steps though.\n\nThis bug report documents the issue and solutions for it: https://bugs.launchpad.net/ubuntu/+source/cordova-ubuntu/+bug/1260500 A future release will let developers cross-compile armhf click packages directly from an x86 desktop.\n\n## Firefox OS\n\nFirefox OS does not include the ability to emulate, run and serve. After building, you will have to open the firefoxos platform directory of your app in the App Manager that comes with every firefox browser. \n',
306 silly resolved     readmeFilename: 'README.md',
306 silly resolved     _id: 'cordova@3.6.3-0.2.13',
306 silly resolved     dist: { shasum: '8f82233d393b7cd3ded6cceee0d6f51ca525b65c' },
306 silly resolved     _from: 'cordova@3.6.3-0.2.13',
306 silly resolved     _resolved: 'https://registry.npmjs.org/cordova/-/cordova-3.6.3-0.2.13.tgz' } ]
307 info install cordova@3.6.3-0.2.13 into /usr/lib
308 info installOne cordova@3.6.3-0.2.13
309 info /usr/lib/node_modules/cordova unbuild
310 info preuninstall cordova@3.5.0-0.2.6
311 info uninstall cordova@3.5.0-0.2.6
312 verbose true,/usr/lib/node_modules,/usr/lib/node_modules unbuild cordova@3.5.0-0.2.6
313 verbose /usr/bin,[object Object] binRoot
314 info /usr/lib/node_modules/cordova unbuild
315 info preuninstall cordova@3.5.0-0.2.6
316 info uninstall cordova@3.5.0-0.2.6
317 verbose true,/usr/lib/node_modules,/usr/lib/node_modules unbuild cordova@3.5.0-0.2.6
318 verbose /usr/bin,[object Object] binRoot
319 error error rolling back Error: Refusing to delete: /usr/bin/cordova not in /usr/lib/node_modules/cordova
319 error error rolling back     at clobberFail (/usr/lib/node_modules/npm/lib/utils/gently-rm.js:41:12)
319 error error rolling back     at next (/usr/lib/node_modules/npm/lib/utils/gently-rm.js:27:14)
319 error error rolling back     at /usr/lib/node_modules/npm/lib/utils/gently-rm.js:36:12
319 error error rolling back     at Object.oncomplete (fs.js:107:15)
319 error error rolling back  cordova@3.6.3-0.2.13 { [Error: Refusing to delete: /usr/bin/cordova not in /usr/lib/node_modules/cordova] code: 'EEXIST', path: '/usr/bin/cordova' }
320 error Refusing to delete: /usr/bin/cordova not in /usr/lib/node_modules/cordova
File exists: /usr/bin/cordova
Move it away, and try again.
321 error System Linux 3.16.1-301.fc21.x86_64
322 error command "node" "/usr/bin/npm" "update" "-g" "cordova"
323 error cwd /home/gana/gksyncdocs/projects/20140726_timeaware/TimeAware
324 error node -v v0.10.32
325 error npm -v 1.3.6
326 error path /usr/bin/cordova
327 error code EEXIST
328 verbose exit [ 1, true ]
